mode: set
github.com/doel6821/kuncie/models/cart.go:16.35,18.2 1 0
github.com/doel6821/kuncie/models/cart.go:21.55,29.16 3 1
github.com/doel6821/kuncie/models/cart.go:33.2,33.18 1 1
github.com/doel6821/kuncie/models/cart.go:29.16,31.3 1 1
github.com/doel6821/kuncie/models/cart.go:37.33,38.36 1 1
github.com/doel6821/kuncie/models/cart.go:41.2,41.12 1 1
github.com/doel6821/kuncie/models/cart.go:38.36,40.3 1 1
github.com/doel6821/kuncie/models/product.go:16.38,18.2 1 0
github.com/doel6821/kuncie/models/product.go:21.79,30.16 3 1
github.com/doel6821/kuncie/models/product.go:34.2,34.21 1 1
github.com/doel6821/kuncie/models/product.go:30.16,32.3 1 1
github.com/doel6821/kuncie/models/product.go:38.35,39.70 1 1
github.com/doel6821/kuncie/models/product.go:42.2,42.12 1 1
github.com/doel6821/kuncie/models/product.go:39.70,41.3 1 1
github.com/doel6821/kuncie/models/promo.go:22.36,24.2 1 0
github.com/doel6821/kuncie/models/promo.go:35.76,47.16 3 0
github.com/doel6821/kuncie/models/promo.go:51.2,51.19 1 0
github.com/doel6821/kuncie/models/promo.go:47.16,49.3 1 0
github.com/doel6821/kuncie/models/promo.go:55.34,56.38 1 1
github.com/doel6821/kuncie/models/promo.go:60.2,60.113 1 1
github.com/doel6821/kuncie/models/promo.go:64.2,64.21 1 1
github.com/doel6821/kuncie/models/promo.go:81.2,81.12 1 1
github.com/doel6821/kuncie/models/promo.go:56.38,58.3 1 0
github.com/doel6821/kuncie/models/promo.go:60.113,62.3 1 1
github.com/doel6821/kuncie/models/promo.go:65.25,66.23 1 1
github.com/doel6821/kuncie/models/promo.go:69.25,70.38 1 1
github.com/doel6821/kuncie/models/promo.go:73.25,74.39 1 1
github.com/doel6821/kuncie/models/promo.go:77.10,78.36 1 0
github.com/doel6821/kuncie/models/promo.go:66.23,68.4 1 1
github.com/doel6821/kuncie/models/promo.go:70.38,72.4 1 1
github.com/doel6821/kuncie/models/promo.go:74.39,76.4 1 0
github.com/doel6821/kuncie/service/product.service.impl.go:14.87,18.2 1 1
github.com/doel6821/kuncie/service/product.service.impl.go:21.92,23.16 2 0
github.com/doel6821/kuncie/service/product.service.impl.go:27.2,28.16 2 0
github.com/doel6821/kuncie/service/product.service.impl.go:32.2,33.16 2 0
github.com/doel6821/kuncie/service/product.service.impl.go:37.2,37.21 1 0
github.com/doel6821/kuncie/service/product.service.impl.go:23.16,25.3 1 0
github.com/doel6821/kuncie/service/product.service.impl.go:28.16,30.3 1 0
github.com/doel6821/kuncie/service/product.service.impl.go:33.16,35.3 1 0
github.com/doel6821/kuncie/service/product.service.impl.go:42.91,44.16 2 0
github.com/doel6821/kuncie/service/product.service.impl.go:48.2,52.16 4 0
github.com/doel6821/kuncie/service/product.service.impl.go:56.2,56.21 1 0
github.com/doel6821/kuncie/service/product.service.impl.go:44.16,46.3 1 0
github.com/doel6821/kuncie/service/product.service.impl.go:52.16,54.3 1 0
github.com/doel6821/kuncie/service/product.service.impl.go:61.84,63.16 2 0
github.com/doel6821/kuncie/service/product.service.impl.go:67.2,67.21 1 0
github.com/doel6821/kuncie/service/product.service.impl.go:63.16,65.3 1 0
github.com/doel6821/kuncie/service/product.service.impl.go:71.73,73.16 2 0
github.com/doel6821/kuncie/service/product.service.impl.go:77.2,77.22 1 0
github.com/doel6821/kuncie/service/product.service.impl.go:73.16,75.3 1 0
github.com/doel6821/kuncie/service/promo.service.impl.go:16.80,20.2 1 1
github.com/doel6821/kuncie/service/promo.service.impl.go:23.84,25.16 2 0
github.com/doel6821/kuncie/service/promo.service.impl.go:30.2,31.16 2 0
github.com/doel6821/kuncie/service/promo.service.impl.go:36.2,37.16 2 0
github.com/doel6821/kuncie/service/promo.service.impl.go:41.2,41.19 1 0
github.com/doel6821/kuncie/service/promo.service.impl.go:25.16,27.3 1 0
github.com/doel6821/kuncie/service/promo.service.impl.go:31.16,33.3 1 0
github.com/doel6821/kuncie/service/promo.service.impl.go:37.16,39.3 1 0
github.com/doel6821/kuncie/service/promo.service.impl.go:45.84,47.16 2 0
github.com/doel6821/kuncie/service/promo.service.impl.go:51.2,52.16 2 0
github.com/doel6821/kuncie/service/promo.service.impl.go:56.2,63.16 7 0
github.com/doel6821/kuncie/service/promo.service.impl.go:67.2,67.19 1 0
github.com/doel6821/kuncie/service/promo.service.impl.go:47.16,49.3 1 0
github.com/doel6821/kuncie/service/promo.service.impl.go:52.16,54.3 1 0
github.com/doel6821/kuncie/service/promo.service.impl.go:63.16,65.3 1 0
github.com/doel6821/kuncie/service/promo.service.impl.go:72.78,74.16 2 0
github.com/doel6821/kuncie/service/promo.service.impl.go:78.2,78.19 1 0
github.com/doel6821/kuncie/service/promo.service.impl.go:74.16,76.3 1 0
github.com/doel6821/kuncie/service/promo.service.impl.go:82.66,84.16 2 0
github.com/doel6821/kuncie/service/promo.service.impl.go:88.2,88.23 1 0
github.com/doel6821/kuncie/service/promo.service.impl.go:84.16,86.3 1 0
github.com/doel6821/kuncie/service/cart.service.impl.go:17.123,22.2 1 1
github.com/doel6821/kuncie/service/cart.service.impl.go:25.85,26.20 1 0
github.com/doel6821/kuncie/service/cart.service.impl.go:29.2,30.16 2 0
github.com/doel6821/kuncie/service/cart.service.impl.go:33.2,34.16 2 0
github.com/doel6821/kuncie/service/cart.service.impl.go:38.2,39.16 2 0
github.com/doel6821/kuncie/service/cart.service.impl.go:43.2,43.18 1 0
github.com/doel6821/kuncie/service/cart.service.impl.go:26.20,28.3 1 0
github.com/doel6821/kuncie/service/cart.service.impl.go:30.16,32.3 1 0
github.com/doel6821/kuncie/service/cart.service.impl.go:34.16,36.3 1 0
github.com/doel6821/kuncie/service/cart.service.impl.go:39.16,41.3 1 0
github.com/doel6821/kuncie/service/cart.service.impl.go:47.63,49.16 2 0
github.com/doel6821/kuncie/service/cart.service.impl.go:53.2,53.19 1 0
github.com/doel6821/kuncie/service/cart.service.impl.go:49.16,51.3 1 0
github.com/doel6821/kuncie/service/checkout.service.impl.go:21.176,27.2 1 1
github.com/doel6821/kuncie/service/checkout.service.impl.go:30.75,38.33 4 1
github.com/doel6821/kuncie/service/checkout.service.impl.go:108.2,111.37 3 1
github.com/doel6821/kuncie/service/checkout.service.impl.go:38.33,44.30 3 1
github.com/doel6821/kuncie/service/checkout.service.impl.go:48.3,48.45 1 1
github.com/doel6821/kuncie/service/checkout.service.impl.go:44.30,46.4 1 0
github.com/doel6821/kuncie/service/checkout.service.impl.go:48.45,51.28 2 1
github.com/doel6821/kuncie/service/checkout.service.impl.go:56.4,56.27 1 1
github.com/doel6821/kuncie/service/checkout.service.impl.go:51.28,53.5 1 1
github.com/doel6821/kuncie/service/checkout.service.impl.go:57.27,64.41 5 1
github.com/doel6821/kuncie/service/checkout.service.impl.go:66.27,68.29 1 1
github.com/doel6821/kuncie/service/checkout.service.impl.go:82.5,83.41 2 1
github.com/doel6821/kuncie/service/checkout.service.impl.go:85.27,87.29 1 1
github.com/doel6821/kuncie/service/checkout.service.impl.go:94.5,95.41 2 1
github.com/doel6821/kuncie/service/checkout.service.impl.go:68.29,70.34 1 1
github.com/doel6821/kuncie/service/checkout.service.impl.go:70.34,73.7 2 0
github.com/doel6821/kuncie/service/checkout.service.impl.go:73.12,76.7 2 1
github.com/doel6821/kuncie/service/checkout.service.impl.go:77.11,79.6 1 0
github.com/doel6821/kuncie/service/checkout.service.impl.go:87.29,89.6 1 1
github.com/doel6821/kuncie/service/checkout.service.impl.go:89.11,91.6 1 0
github.com/doel6821/kuncie/service/checkout.service.impl.go:98.9,105.4 3 1
github.com/doel6821/kuncie/service/checkout.service.impl.go:116.77,119.23 2 1
github.com/doel6821/kuncie/service/checkout.service.impl.go:129.2,129.12 1 1
github.com/doel6821/kuncie/service/checkout.service.impl.go:119.23,120.32 2 1
github.com/doel6821/kuncie/service/checkout.service.impl.go:126.3,126.31 1 1
github.com/doel6821/kuncie/service/checkout.service.impl.go:120.32,123.4 1 1
github.com/doel6821/kuncie/service/checkout.service.impl.go:123.9,125.4 1 1
